<?xml version="1.0" encoding="UTF-8"?>
<!-- Generated by org.testng.reporters.JUnitXMLReporter -->
<testsuite ignored="0" hostname="DESKTOP-6NQ8E1M" failures="0" tests="7" name="Test" time="111.6" errors="0" timestamp="2024-12-14T21:27:38 IST">
  <testcase classname="tests.TS001_SignUpTest" name="SignUpToContactList" time="4.648"/>
  <testcase classname="tests.TS002_LoginTest" name="login" time="3.369"/>
  <testcase classname="tests.TS003_ContactAdditionTest" name="addContact" time="22.749"/>
  <testcase classname="tests.TS004_ContactDisplayTest" name="seeContactDetails" time="24.579"/>
  <testcase classname="tests.TS005_ContactEditingTest" name="editContact" time="8.321"/>
  <testcase classname="tests.TS006_ContactDeletionTest" name="deleteContact" time="18.643"/>
  <testcase classname="tests.TS007_LogoutTest" name="logoutfunctionality" time="7.308"/>
</testsuite> <!-- Test -->
