<?xml version="1.0" encoding="UTF-8"?>
<testng-results ignored="0" total="7" passed="7" failed="0" skipped="0">
  <reporter-output>
  </reporter-output>
  <suite started-at="2024-12-14T21:25:47 IST" name="Suite" finished-at="2024-12-14T21:27:38 IST" duration-ms="111600">
    <groups>
    </groups>
    <test started-at="2024-12-14T21:25:47 IST" name="Test" finished-at="2024-12-14T21:27:38 IST" duration-ms="111600">
      <class name="tests.TS006_ContactDeletionTest">
        <test-method is-config="true" signature="openBrowser()[pri:0, instance:tests.TS006_ContactDeletionTest@8458f04]" started-at="2024-12-14T21:27:07 IST" name="openBrowser" finished-at="2024-12-14T21:27:10 IST" duration-ms="3295" status="PASS">
          <reporter-output>
          </reporter-output>
        </test-method> <!-- openBrowser -->
        <test-method signature="deleteContact()[pri:0, instance:tests.TS006_ContactDeletionTest@8458f04]" started-at="2024-12-14T21:27:10 IST" name="deleteContact" finished-at="2024-12-14T21:27:28 IST" duration-ms="18643" status="PASS">
          <reporter-output>
          </reporter-output>
        </test-method> <!-- deleteContact -->
        <test-method is-config="true" signature="takeScreenshot(org.testng.ITestResult)[pri:0, instance:tests.TS006_ContactDeletionTest@8458f04]" started-at="2024-12-14T21:27:28 IST" name="takeScreenshot" finished-at="2024-12-14T21:27:28 IST" duration-ms="0" status="PASS">
          <params>
            <param index="0">
              <value>
                <![CDATA[[TestResult name=deleteContact status=SUCCESS method=TS006_ContactDeletionTest.deleteContact()[pri:0, instance:tests.TS006_ContactDeletionTest@8458f04] output={null}]]]>
              </value>
            </param>
          </params>
          <reporter-output>
          </reporter-output>
        </test-method> <!-- takeScreenshot -->
      </class> <!-- tests.TS006_ContactDeletionTest -->
      <class name="tests.TS001_SignUpTest">
        <test-method is-config="true" signature="openBrowser()[pri:0, instance:tests.TS001_SignUpTest@470734c3]" started-at="2024-12-14T21:25:47 IST" name="openBrowser" finished-at="2024-12-14T21:25:51 IST" duration-ms="4008" status="PASS">
          <reporter-output>
          </reporter-output>
        </test-method> <!-- openBrowser -->
        <test-method signature="SignUpToContactList()[pri:0, instance:tests.TS001_SignUpTest@470734c3]" started-at="2024-12-14T21:25:51 IST" name="SignUpToContactList" finished-at="2024-12-14T21:25:55 IST" duration-ms="4648" status="PASS">
          <reporter-output>
          </reporter-output>
        </test-method> <!-- SignUpToContactList -->
        <test-method is-config="true" signature="takeScreenshot(org.testng.ITestResult)[pri:0, instance:tests.TS001_SignUpTest@470734c3]" started-at="2024-12-14T21:25:55 IST" name="takeScreenshot" finished-at="2024-12-14T21:25:55 IST" duration-ms="1" status="PASS">
          <params>
            <param index="0">
              <value>
                <![CDATA[[TestResult name=SignUpToContactList status=SUCCESS method=TS001_SignUpTest.SignUpToContactList()[pri:0, instance:tests.TS001_SignUpTest@470734c3] output={null}]]]>
              </value>
            </param>
          </params>
          <reporter-output>
          </reporter-output>
        </test-method> <!-- takeScreenshot -->
      </class> <!-- tests.TS001_SignUpTest -->
      <class name="tests.TS004_ContactDisplayTest">
        <test-method is-config="true" signature="openBrowser()[pri:0, instance:tests.TS004_ContactDisplayTest@18271936]" started-at="2024-12-14T21:26:28 IST" name="openBrowser" finished-at="2024-12-14T21:26:30 IST" duration-ms="2640" status="PASS">
          <reporter-output>
          </reporter-output>
        </test-method> <!-- openBrowser -->
        <test-method signature="seeContactDetails()[pri:0, instance:tests.TS004_ContactDisplayTest@18271936]" started-at="2024-12-14T21:26:30 IST" name="seeContactDetails" finished-at="2024-12-14T21:26:55 IST" duration-ms="24579" status="PASS">
          <reporter-output>
          </reporter-output>
        </test-method> <!-- seeContactDetails -->
        <test-method is-config="true" signature="takeScreenshot(org.testng.ITestResult)[pri:0, instance:tests.TS004_ContactDisplayTest@18271936]" started-at="2024-12-14T21:26:55 IST" name="takeScreenshot" finished-at="2024-12-14T21:26:55 IST" duration-ms="0" status="PASS">
          <params>
            <param index="0">
              <value>
                <![CDATA[[TestResult name=seeContactDetails status=SUCCESS method=TS004_ContactDisplayTest.seeContactDetails()[pri:0, instance:tests.TS004_ContactDisplayTest@18271936] output={null}]]]>
              </value>
            </param>
          </params>
          <reporter-output>
          </reporter-output>
        </test-method> <!-- takeScreenshot -->
      </class> <!-- tests.TS004_ContactDisplayTest -->
      <class name="tests.TS003_ContactAdditionTest">
        <test-method is-config="true" signature="openBrowser()[pri:0, instance:tests.TS003_ContactAdditionTest@909217e]" started-at="2024-12-14T21:26:02 IST" name="openBrowser" finished-at="2024-12-14T21:26:05 IST" duration-ms="3436" status="PASS">
          <reporter-output>
          </reporter-output>
        </test-method> <!-- openBrowser -->
        <test-method signature="addContact()[pri:0, instance:tests.TS003_ContactAdditionTest@909217e]" started-at="2024-12-14T21:26:05 IST" name="addContact" finished-at="2024-12-14T21:26:28 IST" duration-ms="22749" status="PASS">
          <reporter-output>
          </reporter-output>
        </test-method> <!-- addContact -->
        <test-method is-config="true" signature="takeScreenshot(org.testng.ITestResult)[pri:0, instance:tests.TS003_ContactAdditionTest@909217e]" started-at="2024-12-14T21:26:28 IST" name="takeScreenshot" finished-at="2024-12-14T21:26:28 IST" duration-ms="0" status="PASS">
          <params>
            <param index="0">
              <value>
                <![CDATA[[TestResult name=addContact status=SUCCESS method=TS003_ContactAdditionTest.addContact()[pri:0, instance:tests.TS003_ContactAdditionTest@909217e] output={null}]]]>
              </value>
            </param>
          </params>
          <reporter-output>
          </reporter-output>
        </test-method> <!-- takeScreenshot -->
      </class> <!-- tests.TS003_ContactAdditionTest -->
      <class name="tests.TS005_ContactEditingTest">
        <test-method is-config="true" signature="openBrowser()[pri:0, instance:tests.TS005_ContactEditingTest@606e4010]" started-at="2024-12-14T21:26:55 IST" name="openBrowser" finished-at="2024-12-14T21:26:58 IST" duration-ms="3162" status="PASS">
          <reporter-output>
          </reporter-output>
        </test-method> <!-- openBrowser -->
        <test-method signature="editContact()[pri:0, instance:tests.TS005_ContactEditingTest@606e4010]" started-at="2024-12-14T21:26:58 IST" name="editContact" finished-at="2024-12-14T21:27:07 IST" duration-ms="8321" status="PASS">
          <reporter-output>
          </reporter-output>
        </test-method> <!-- editContact -->
        <test-method is-config="true" signature="takeScreenshot(org.testng.ITestResult)[pri:0, instance:tests.TS005_ContactEditingTest@606e4010]" started-at="2024-12-14T21:27:07 IST" name="takeScreenshot" finished-at="2024-12-14T21:27:07 IST" duration-ms="1" status="PASS">
          <params>
            <param index="0">
              <value>
                <![CDATA[[TestResult name=editContact status=SUCCESS method=TS005_ContactEditingTest.editContact()[pri:0, instance:tests.TS005_ContactEditingTest@606e4010] output={null}]]]>
              </value>
            </param>
          </params>
          <reporter-output>
          </reporter-output>
        </test-method> <!-- takeScreenshot -->
      </class> <!-- tests.TS005_ContactEditingTest -->
      <class name="tests.TS007_LogoutTest">
        <test-method is-config="true" signature="openBrowser()[pri:0, instance:tests.TS007_LogoutTest@48075da3]" started-at="2024-12-14T21:27:28 IST" name="openBrowser" finished-at="2024-12-14T21:27:31 IST" duration-ms="2582" status="PASS">
          <reporter-output>
          </reporter-output>
        </test-method> <!-- openBrowser -->
        <test-method signature="logoutfunctionality()[pri:0, instance:tests.TS007_LogoutTest@48075da3]" started-at="2024-12-14T21:27:31 IST" name="logoutfunctionality" finished-at="2024-12-14T21:27:38 IST" duration-ms="7308" status="PASS">
          <reporter-output>
          </reporter-output>
        </test-method> <!-- logoutfunctionality -->
        <test-method is-config="true" signature="takeScreenshot(org.testng.ITestResult)[pri:0, instance:tests.TS007_LogoutTest@48075da3]" started-at="2024-12-14T21:27:38 IST" name="takeScreenshot" finished-at="2024-12-14T21:27:38 IST" duration-ms="0" status="PASS">
          <params>
            <param index="0">
              <value>
                <![CDATA[[TestResult name=logoutfunctionality status=SUCCESS method=TS007_LogoutTest.logoutfunctionality()[pri:0, instance:tests.TS007_LogoutTest@48075da3] output={null}]]]>
              </value>
            </param>
          </params>
          <reporter-output>
          </reporter-output>
        </test-method> <!-- takeScreenshot -->
      </class> <!-- tests.TS007_LogoutTest -->
      <class name="tests.TS002_LoginTest">
        <test-method is-config="true" signature="openBrowser()[pri:0, instance:tests.TS002_LoginTest@72035809]" started-at="2024-12-14T21:25:55 IST" name="openBrowser" finished-at="2024-12-14T21:25:58 IST" duration-ms="2771" status="PASS">
          <reporter-output>
          </reporter-output>
        </test-method> <!-- openBrowser -->
        <test-method signature="login()[pri:0, instance:tests.TS002_LoginTest@72035809]" started-at="2024-12-14T21:25:58 IST" name="login" finished-at="2024-12-14T21:26:02 IST" duration-ms="3369" status="PASS">
          <reporter-output>
          </reporter-output>
        </test-method> <!-- login -->
        <test-method is-config="true" signature="takeScreenshot(org.testng.ITestResult)[pri:0, instance:tests.TS002_LoginTest@72035809]" started-at="2024-12-14T21:26:02 IST" name="takeScreenshot" finished-at="2024-12-14T21:26:02 IST" duration-ms="1" status="PASS">
          <params>
            <param index="0">
              <value>
                <![CDATA[[TestResult name=login status=SUCCESS method=TS002_LoginTest.login()[pri:0, instance:tests.TS002_LoginTest@72035809] output={null}]]]>
              </value>
            </param>
          </params>
          <reporter-output>
          </reporter-output>
        </test-method> <!-- takeScreenshot -->
      </class> <!-- tests.TS002_LoginTest -->
    </test> <!-- Test -->
  </suite> <!-- Suite -->
</testng-results>
